<?xml version="1.0" encoding="UTF-8"?>
<testng-results skipped="0" failed="0" ignored="0" total="1" passed="1">
  <reporter-output>
  </reporter-output>
  <suite name="Default suite" duration-ms="23142" started-at="2019-05-19T11:36:53Z" finished-at="2019-05-19T11:37:16Z">
    <groups>
    </groups>
    <test name="Default test" duration-ms="23142" started-at="2019-05-19T11:36:53Z" finished-at="2019-05-19T11:37:16Z">
      <class name="study.ShujuLogin">
        <test-method status="PASS" signature="beforetest()[pri:0, instance:study.ShujuLogin@3ffc5af1]" name="beforetest" is-config="true" duration-ms="2382" started-at="2019-05-19T19:36:53Z" finished-at="2019-05-19T19:36:55Z">
          <reporter-output>
          </reporter-output>
        </test-method> <!-- beforetest -->
        <test-method status="PASS" signature="test()[pri:0, instance:study.ShujuLogin@3ffc5af1]" name="test" duration-ms="20717" started-at="2019-05-19T19:36:55Z" finished-at="2019-05-19T19:37:16Z">
          <reporter-output>
          </reporter-output>
        </test-method> <!-- test -->
        <test-method status="PASS" signature="aftertest()[pri:0, instance:study.ShujuLogin@3ffc5af1]" name="aftertest" is-config="true" duration-ms="32" started-at="2019-05-19T19:37:16Z" finished-at="2019-05-19T19:37:16Z">
          <reporter-output>
          </reporter-output>
        </test-method> <!-- aftertest -->
      </class> <!-- study.ShujuLogin -->
    </test> <!-- Default test -->
  </suite> <!-- Default suite -->
</testng-results>
