<?xml version="1.0" encoding="UTF-8"?>
<testng-results skipped="0" failed="0" ignored="0" total="1" passed="1">
  <reporter-output>
  </reporter-output>
  <suite name="Default suite" duration-ms="4926" started-at="2019-05-19T05:44:13Z" finished-at="2019-05-19T05:44:18Z">
    <groups>
    </groups>
    <test name="Default test" duration-ms="4926" started-at="2019-05-19T05:44:13Z" finished-at="2019-05-19T05:44:18Z">
      <class name="study.BaiDuSelect">
        <test-method status="PASS" signature="beforetest()[pri:0, instance:study.BaiDuSelect@5dfcfece]" name="beforetest" is-config="true" duration-ms="3417" started-at="2019-05-19T13:44:13Z" finished-at="2019-05-19T13:44:16Z">
          <reporter-output>
          </reporter-output>
        </test-method> <!-- beforetest -->
        <test-method status="PASS" signature="baiduyesy()[pri:0, instance:study.BaiDuSelect@5dfcfece]" name="baiduyesy" duration-ms="957" started-at="2019-05-19T13:44:16Z" finished-at="2019-05-19T13:44:17Z">
          <reporter-output>
          </reporter-output>
        </test-method> <!-- baiduyesy -->
        <test-method status="PASS" signature="afteretest()[pri:0, instance:study.BaiDuSelect@5dfcfece]" name="afteretest" is-config="true" duration-ms="540" started-at="2019-05-19T13:44:17Z" finished-at="2019-05-19T13:44:18Z">
          <reporter-output>
          </reporter-output>
        </test-method> <!-- afteretest -->
      </class> <!-- study.BaiDuSelect -->
    </test> <!-- Default test -->
  </suite> <!-- Default suite -->
</testng-results>
